<?xml version="1.0" encoding="UTF-8"?>
<!-- Generated by org.testng.reporters.JUnitXMLReporter -->
<testsuite ignored="0" hostname="DESKTOP-NPNKC5I" failures="0" tests="4" name="Login Test" time="0.071" errors="0" timestamp="2025-09-04T12:44:07 IST">
  <testcase classname="testcases.snov.LoginCheck" name="login" time="0.014"/>
  <testcase classname="testcases.snov.LoginCheck" name="login" time="0.002"/>
  <testcase classname="testcases.snov.LoginCheck" name="login" time="0.004"/>
  <testcase classname="testcases.snov.LoginCheck" name="verifyLogin" time="0.002"/>
</testsuite> <!-- Login Test -->
