<?xml version="1.0" encoding="UTF-8"?>
<!-- Generated by org.testng.reporters.JUnitReportReporter -->
<testsuite hostname="DESKTOP-NPNKC5I" failures="0" tests="6" name="testcases.PaymentManager" time="0.035" errors="0" timestamp="2025-08-05T12:16:06 IST" skipped="0">
  <testcase classname="testcases.PaymentManager" name="makePayment" time="0.002"/>
  <testcase classname="testcases.PaymentManager" name="applyDiscount" time="0.001"/>
  <testcase classname="testcases.PaymentManager" name="makePayment" time="0.017"/>
  <testcase classname="testcases.PaymentManager" name="makePayment" time="0.008"/>
  <testcase classname="testcases.PaymentManager" name="makePayment" time="0.004"/>
  <testcase classname="testcases.PaymentManager" name="makePayment" time="0.003"/>
</testsuite> <!-- testcases.PaymentManager -->
