<?xml version="1.0" encoding="UTF-8"?>
<!-- Generated by org.testng.reporters.JUnitReportReporter -->
<testsuite hostname="DESKTOP-NPNKC5I" failures="0" tests="10" name="testcases.BookingSearch" time="0.027" errors="0" timestamp="2025-08-05T12:16:06 IST" skipped="0">
  <testcase classname="testcases.BookingSearch" name="enterGuestInfo" time="0.003"/>
  <testcase classname="testcases.BookingSearch" name="enterGuestInfo" time="0.001"/>
  <testcase classname="testcases.BookingSearch" name="selectHotel" time="0.001"/>
  <testcase classname="testcases.BookingSearch" name="selectHotel" time="0.013"/>
  <testcase classname="testcases.BookingSearch" name="selectHotel" time="0.002"/>
  <testcase classname="testcases.BookingSearch" name="selectHotel" time="0.001"/>
  <testcase classname="testcases.BookingSearch" name="enterGuestInfo" time="0.002"/>
  <testcase classname="testcases.BookingSearch" name="selectHotel" time="0.001"/>
  <testcase classname="testcases.BookingSearch" name="enterGuestInfo" time="0.002"/>
  <testcase classname="testcases.BookingSearch" name="loadBooking" time="0.001"/>
</testsuite> <!-- testcases.BookingSearch -->
