<?xml version="1.0" encoding="UTF-8"?>
<!-- Generated by org.testng.reporters.JUnitReportReporter -->
<testsuite hostname="DESKTOP-NPNKC5I" failures="0" tests="5" name="testcases.CustomerCommunication" time="0.009" errors="0" timestamp="2025-08-05T12:16:06 IST" skipped="0">
  <testcase classname="testcases.CustomerCommunication" name="checkingMail" time="0.001"/>
  <testcase classname="testcases.CustomerCommunication" name="checkingMail" time="0.001"/>
  <testcase classname="testcases.CustomerCommunication" name="checkingMail" time="0.003"/>
  <testcase classname="testcases.CustomerCommunication" name="checkingMail" time="0.003"/>
  <testcase classname="testcases.CustomerCommunication" name="checkingMail" time="0.001"/>
</testsuite> <!-- testcases.CustomerCommunication -->
