<?xml version="1.0" encoding="UTF-8"?>
<!-- Generated by org.testng.reporters.JUnitXMLReporter -->
<testsuite ignored="4" hostname="DESKTOP-NPNKC5I" failures="0" tests="3" name="Create Deal Test" time="17.941" errors="0" timestamp="2025-09-09T17:07:42 IST">
  <testcase classname="testcases.snov.Session" name="doLogin" time="0.899"/>
  <testcase classname="testcases.snov.Session" name="doLogout" time="0.002"/>
  <testcase classname="testcases.snov.LeadManagement" name="createLead" time="16.435"/>
  <testcase classname="testbase.BaseTest" name="@AfterTest quit" time="0.0">
    <ignored/>
  </testcase> <!-- @AfterTest quit -->
  <testcase classname="testbase.BaseTest" name="@BeforeTest beforeTest" time="0.0">
    <ignored/>
  </testcase> <!-- @BeforeTest beforeTest -->
  <testcase classname="testcases.snov.LeadManagement" name="verifyLead" time="0.0">
    <ignored/>
  </testcase> <!-- verifyLead -->
  <testcase classname="testcases.snov.LeadManagement" name="deleteLead" time="0.0">
    <ignored/>
  </testcase> <!-- deleteLead -->
</testsuite> <!-- Create Deal Test -->
