<?xml version="1.0" encoding="UTF-8"?>
<!-- Generated by org.testng.reporters.JUnitXMLReporter -->
<testsuite ignored="4" hostname="DESKTOP-NPNKC5I" failures="0" tests="0" name="Create Deal - Create New DealIt.1" time="0.141" errors="0" timestamp="2025-11-06T10:56:31 IST">
  <testcase classname="testbase.BaseTest" name="@BeforeTest beforeTest" time="0.081">
    <failure type="java.lang.NullPointerException" message="Cannot invoke &amp;quot;org.apache.poi.xssf.usermodel.XSSFWorkbook.getSheetIndex(String)&amp;quot; because &amp;quot;this.workbook&amp;quot; is null">
      <![CDATA[java.lang.NullPointerException: Cannot invoke "org.apache.poi.xssf.usermodel.XSSFWorkbook.getSheetIndex(String)" because "this.workbook" is null
at util.Xls_Reader.getRowCount(Xls_Reader.java:47)
at runner.ReadingXLS.getTestData(ReadingXLS.java:28)
at testbase.BaseTest.beforeTest(BaseTest.java:44)
at runner.TestNGRunner.run(TestNGRunner.java:82)
at runner.JSONRunner.main(JSONRunner.java:109)
... Removed 19 stack frames]]>
    </failure>
  </testcase> <!-- @BeforeTest beforeTest -->
  <testcase classname="testbase.BaseTest" name="@BeforeTest beforeTest" time="0.0">
    <ignored/>
  </testcase> <!-- @BeforeTest beforeTest -->
  <testcase classname="testcases.snov.LeadManagement" name="deleteLead" time="0.0">
    <ignored/>
  </testcase> <!-- deleteLead -->
  <testcase classname="testcases.snov.Session" name="doLogout" time="0.0">
    <ignored/>
  </testcase> <!-- doLogout -->
  <testcase classname="testbase.BaseTest" name="@AfterTest quit" time="0.0">
    <ignored/>
  </testcase> <!-- @AfterTest quit -->
</testsuite> <!-- Create Deal - Create New DealIt.1 -->
