<?xml version="1.0" encoding="UTF-8"?>
<!-- Generated by org.testng.reporters.JUnitXMLReporter -->
<testsuite ignored="4" hostname="DESKTOP-NPNKC5I" failures="0" tests="3" name="Create Deal - Create New DealIt.2" time="161.929" errors="0" timestamp="2025-09-23T18:07:45 IST">
  <testcase classname="testcases.snov.Session" name="doLogin" time="0.534"/>
  <testcase classname="testcases.snov.LeadManagement" name="createLead" time="35.145"/>
  <testcase classname="testcases.snov.LeadManagement" name="verifyLead" time="0.001"/>
  <testcase classname="testcases.snov.Session" name="doLogout" time="0.0">
    <ignored/>
  </testcase> <!-- doLogout -->
  <testcase classname="testbase.BaseTest" name="@BeforeTest beforeTest" time="0.0">
    <ignored/>
  </testcase> <!-- @BeforeTest beforeTest -->
  <testcase classname="testcases.snov.LeadManagement" name="deleteLead" time="0.0">
    <ignored/>
  </testcase> <!-- deleteLead -->
  <testcase classname="testbase.BaseTest" name="@AfterTest quit" time="0.0">
    <ignored/>
  </testcase> <!-- @AfterTest quit -->
</testsuite> <!-- Create Deal - Create New DealIt.2 -->
