<?xml version="1.0" encoding="UTF-8"?>
<!-- Generated by org.testng.reporters.JUnitXMLReporter -->
<testsuite ignored="3" hostname="DESKTOP-NPNKC5I" failures="0" tests="2" name="Create Deal Test1" time="0.457" errors="0" timestamp="2025-08-27T15:21:02 IST">
  <testcase classname="testcases.snov.Session" name="doLogin" time="0.431"/>
  <testcase classname="testcases.snov.CreateLead" name="createLead" time="0.002"/>
  <testcase classname="testbase.BaseTest" name="@AfterTest quit" time="0.0">
    <ignored/>
  </testcase> <!-- @AfterTest quit -->
  <testcase classname="testcases.snov.Session" name="doLogout" time="0.0">
    <ignored/>
  </testcase> <!-- doLogout -->
  <testcase classname="testbase.BaseTest" name="@BeforeTest beforeTest" time="0.0">
    <ignored/>
  </testcase> <!-- @BeforeTest beforeTest -->
</testsuite> <!-- Create Deal Test1 -->
