<?xml version="1.0" encoding="UTF-8"?>
<!-- Generated by org.testng.reporters.JUnitXMLReporter -->
<testsuite ignored="5" hostname="DESKTOP-NPNKC5I" failures="0" tests="2" name="Delete Deal - Delete Existing DealIt.2" time="0.746" errors="0" timestamp="2025-09-23T17:45:20 IST">
  <testcase classname="testcases.snov.Session" name="doLogin" time="0.426"/>
  <testcase classname="testcases.snov.LeadManagement" name="deleteLead" time="0.262"/>
  <testcase classname="testcases.snov.Session" name="doLogout" time="0.0">
    <ignored/>
  </testcase> <!-- doLogout -->
  <testcase classname="testbase.BaseTest" name="@AfterTest quit" time="0.0">
    <ignored/>
  </testcase> <!-- @AfterTest quit -->
  <testcase classname="testbase.BaseTest" name="@BeforeTest beforeTest" time="0.0">
    <ignored/>
  </testcase> <!-- @BeforeTest beforeTest -->
  <testcase classname="testcases.snov.LeadManagement" name="verifyLead" time="0.0">
    <ignored/>
  </testcase> <!-- verifyLead -->
  <testcase classname="testcases.snov.LeadManagement" name="createLead" time="0.0">
    <ignored/>
  </testcase> <!-- createLead -->
</testsuite> <!-- Delete Deal - Delete Existing DealIt.2 -->
