<?xml version="1.0" encoding="UTF-8"?>
<!-- Generated by org.testng.reporters.JUnitXMLReporter -->
<testsuite ignored="5" hostname="DESKTOP-NPNKC5I" failures="0" tests="2" name="Delete Deal - Delete Existing DealIt.1" time="180.813" errors="0" timestamp="2025-09-23T18:10:46 IST">
  <testcase classname="testcases.snov.Session" name="doLogin" time="0.552"/>
  <testcase classname="testcases.snov.LeadManagement" name="deleteLead" time="0.288"/>
  <testcase classname="testbase.BaseTest" name="@BeforeTest beforeTest" time="0.0">
    <ignored/>
  </testcase> <!-- @BeforeTest beforeTest -->
  <testcase classname="testbase.BaseTest" name="@AfterTest quit" time="0.0">
    <ignored/>
  </testcase> <!-- @AfterTest quit -->
  <testcase classname="testcases.snov.Session" name="doLogout" time="0.0">
    <ignored/>
  </testcase> <!-- doLogout -->
  <testcase classname="testcases.snov.LeadManagement" name="createLead" time="0.0">
    <ignored/>
  </testcase> <!-- createLead -->
  <testcase classname="testcases.snov.LeadManagement" name="verifyLead" time="0.0">
    <ignored/>
  </testcase> <!-- verifyLead -->
</testsuite> <!-- Delete Deal - Delete Existing DealIt.1 -->
