<?xml version="1.0" encoding="UTF-8"?>
<!-- Generated by org.testng.reporters.JUnitXMLReporter -->
<testsuite ignored="3" hostname="DESKTOP-NPNKC5I" failures="0" tests="4" name="Create Booking Test - No Discount" time="0.029" errors="0" timestamp="2025-08-05T12:16:06 IST">
  <testcase classname="testcases.BookingSearch" name="selectHotel" time="0.001"/>
  <testcase classname="testcases.BookingSearch" name="enterGuestInfo" time="0.002"/>
  <testcase classname="testcases.PaymentManager" name="makePayment" time="0.003"/>
  <testcase classname="testcases.CustomerCommunication" name="checkingMail" time="0.003"/>
  <testcase classname="testcases.BookingSearch" name="loadBooking" time="0.0">
    <ignored/>
  </testcase> <!-- loadBooking -->
  <testcase classname="testcases.PaymentManager" name="applyDiscount" time="0.0">
    <ignored/>
  </testcase> <!-- applyDiscount -->
  <testcase classname="testcases.BookingSearch" name="searchbotel" time="0.0">
    <ignored/>
  </testcase> <!-- searchbotel -->
</testsuite> <!-- Create Booking Test - No Discount -->
