<?xml version="1.0" encoding="UTF-8"?>
<!-- Generated by org.testng.reporters.JUnitXMLReporter -->
<testsuite ignored="2" hostname="DESKTOP-NPNKC5I" failures="0" tests="5" name="Create Booking Test" time="0.105" errors="0" timestamp="2025-08-05T12:16:06 IST">
  <testcase classname="testcases.BookingSearch" name="selectHotel" time="0.013"/>
  <testcase classname="testcases.BookingSearch" name="enterGuestInfo" time="0.001"/>
  <testcase classname="testcases.PaymentManager" name="applyDiscount" time="0.001"/>
  <testcase classname="testcases.PaymentManager" name="makePayment" time="0.017"/>
  <testcase classname="testcases.CustomerCommunication" name="checkingMail" time="0.003"/>
  <testcase classname="testcases.BookingSearch" name="searchbotel" time="0.0">
    <ignored/>
  </testcase> <!-- searchbotel -->
  <testcase classname="testcases.BookingSearch" name="loadBooking" time="0.0">
    <ignored/>
  </testcase> <!-- loadBooking -->
</testsuite> <!-- Create Booking Test -->
